2023-09-03 23:00; wprowadzono na magazyn 424214 w ilosci: 8 | uzytkownik: cos
2023-09-03 23:00; wprowadzono na magazyn 67868778 w ilosci: 3 | uzytkownik: cos
2023-09-03 23:00; wprowadzono na magazyn ff w ilosci: 5 | uzytkownik: cos
2023-09-03 23:00; wprowadzono na magazyn 54 w ilosci: 4 | uzytkownik: cos
2023-09-03 22:59; pobrano z magazynu 54 w ilosci: 1 | uzytkownik: cos
2023-08-25 18:43; dodano uzytkownika: kamil | uzytkownik: cos
2023-08-25 18:43; usunieto uzytkownika: Artur1231 | uzytkownik: cos
2023-08-25 18:43; dodano uzytkownika: Kamil123 | uzytkownik: cos
2023-08-25 18:42; wprowadzono na magazyn gjlgulh w ilosci: 4 | uzytkownik: cos
2023-08-25 18:42; pobrano z magazynu gjlgulh w ilosci: 2 | uzytkownik: cos
2023-08-25 18:41; Dodano: 453432 w ilosci: 4 ,magazyn: C ,regal: hh, stan_min: 5, stan_max: 5 ,nr_prod: 5435h43hjf  | uzytkownik: cos
2023-08-25 18:40; dokonano zmiany w : 42 zamieniono 3 na 6 (Stan min)| uzytkownik: cos
2023-08-25 18:40; dokonano zmiany w : 42 zamieniono 5 na 8 (Stan maks)| uzytkownik: cos
2023-08-25 18:40; dokonano zmiany w : 42 zamieniono 5 na 5 (Stan maks)| uzytkownik: cos
2023-08-25 18:39; dokonano zmiany w : 42 zamieniono 3 na 3 (Stan min)| uzytkownik: cos
2023-08-25 18:39; dokonano zmiany w : 42 zamieniono 4 na 3 (Stan min)| uzytkownik: cos
2023-08-25 18:39; dokonano zmiany w : gjlgulh zamieniono 5 na 4 (Stan min)| uzytkownik: cos
2023-08-23 20:07; Dodano: 43433443zzz w ilosci: 2 ,magazyn: A ,regal: a, stan_min: 5, stan_max: 5 ,nr_prod:   | uzytkownik: cos
2023-08-23 19:47; Dodano: 4241241aaaaaaaaaaaaaa w ilosci: 2 ,magazyn: A ,regal: a, stan_min: 5, stan_max: 5 ,nr_prod:   | uzytkownik: cos
2023-08-23 19:47; dokonano zmiany w : 54 zamieniono 10 na 1 (Stan magazynowy)| uzytkownik: cos
2023-08-23 19:43; Dodano: 421412aaaaaaa w ilosci: 22 ,magazyn: A ,regal: a, stan_min: 44, stan_max: 44 ,nr_prod:   | uzytkownik: cos
2023-08-23 19:41; Dodano: 4343aaaaaaaaaa w ilosci: 2 ,magazyn: A ,regal: a, stan_min: 5, stan_max: 5 ,nr_prod:   | uzytkownik: cos
2023-08-23 19:41; dokonano zmiany w : 432 zamieniono 2 na 1 (Stan magazynowy)| uzytkownik: cos
2023-08-23 19:41; dokonano zmiany w : 555 zamieniono 4 na 2 (Stan magazynowy)| uzytkownik: cos
2023-08-23 19:41; dokonano zmiany w : gjlgulh zamieniono 8 na 4 (Stan magazynowy)| uzytkownik: cos
2023-08-23 19:39; dokonano zmiany w : 87697 zamieniono 54544 na 87697 (Nazwa)| uzytkownik: cos
2023-08-23 19:39; dokonano zmiany w : 098098 zamieniono 098098098 na 098098 (Nazwa)| uzytkownik: cos
2023-08-23 19:39; dokonano zmiany w : 098098098 zamieniono 876876867 na 098098098 (Nazwa)| uzytkownik: cos
2023-08-23 19:39; pobrano z magazynu 544 w ilosci: 1 | uzytkownik: cos
2023-08-23 19:39; pobrano z magazynu 544 w ilosci: 1 | uzytkownik: cos
2023-08-23 19:39; pobrano z magazynu 544 w ilosci: 1 | uzytkownik: cos
2023-08-23 19:39; pobrano z magazynu 544 w ilosci: 1 | uzytkownik: cos
2023-08-23 19:39; pobrano z magazynu 544 w ilosci: 1 | uzytkownik: cos
2023-08-23 19:39; pobrano z magazynu 544 w ilosci: 1 | uzytkownik: cos
2023-08-23 19:39; pobrano z magazynu 544 w ilosci: 1 | uzytkownik: cos
2023-08-23 19:39; pobrano z magazynu 544 w ilosci: 1 | uzytkownik: cos
2023-08-23 19:39; pobrano z magazynu 544 w ilosci: 1 | uzytkownik: cos
2023-08-23 19:39; wprowadzono na magazyn 544 w ilosci: 1 | uzytkownik: cos
2023-08-23 19:39; wprowadzono na magazyn 544 w ilosci: 1 | uzytkownik: cos
2023-08-23 19:39; wprowadzono na magazyn 544 w ilosci: 1 | uzytkownik: cos
2023-08-23 19:39; wprowadzono na magazyn 544 w ilosci: 1 | uzytkownik: cos
2023-08-23 19:39; pobrano z magazynu 544 w ilosci: 1 | uzytkownik: cos
2023-08-23 19:39; wprowadzono na magazyn 544 w ilosci: 1 | uzytkownik: cos
2023-08-23 19:39; wprowadzono na magazyn 544 w ilosci: 1 | uzytkownik: cos
2023-08-23 19:38; wprowadzono na magazyn 544 w ilosci: 1 | uzytkownik: cos
2023-08-23 19:38; wprowadzono na magazyn 544 w ilosci: 1 | uzytkownik: cos
2023-08-23 19:38; wprowadzono na magazyn 544 w ilosci: 1 | uzytkownik: cos
2023-08-23 19:38; wprowadzono na magazyn 544 w ilosci: 1 | uzytkownik: cos
2023-08-23 19:38; wprowadzono na magazyn 544 w ilosci: 1 | uzytkownik: cos
2023-08-23 19:38; wprowadzono na magazyn 544 w ilosci: 1 | uzytkownik: cos
2023-08-23 19:38; wprowadzono na magazyn 544 w ilosci: 1 | uzytkownik: cos
2023-08-23 19:38; wprowadzono na magazyn 544 w ilosci: 1 | uzytkownik: cos
2023-08-23 19:38; pobrano z magazynu 544 w ilosci: 1 | uzytkownik: cos
2023-08-23 19:37; pobrano z magazynu 544 w ilosci: 1 | uzytkownik: cos
2023-08-23 19:37; pobrano z magazynu 54544 w ilosci: 1 | uzytkownik: cos
2023-08-23 19:37; wprowadzono na magazyn 543 w ilosci: 1 | uzytkownik: cos
2023-08-23 19:37; wprowadzono na magazyn gjlgulh w ilosci: 1 | uzytkownik: cos
2023-08-23 19:37; wprowadzono na magazyn gjlgulh w ilosci: 1 | uzytkownik: cos
2023-08-23 19:37; pobrano z magazynu 544 w ilosci: 1 | uzytkownik: cos
2023-08-23 19:37; pobrano z magazynu 54544 w ilosci: 1 | uzytkownik: cos
2023-08-23 19:37; wprowadzono na magazyn 543 w ilosci: 1 | uzytkownik: cos
2023-08-23 19:37; wprowadzono na magazyn gjlgulh w ilosci: 1 | uzytkownik: cos
2023-08-23 19:37; wprowadzono na magazyn gjlgulh w ilosci: 1 | uzytkownik: cos
2023-08-23 19:37; pobrano z magazynu 544 w ilosci: 1 | uzytkownik: cos
2023-08-23 19:37; pobrano z magazynu 54544 w ilosci: 1 | uzytkownik: cos
2023-08-23 19:37; wprowadzono na magazyn 543 w ilosci: 1 | uzytkownik: cos
2023-08-23 19:37; wprowadzono na magazyn gjlgulh w ilosci: 1 | uzytkownik: cos
2023-08-23 19:37; wprowadzono na magazyn gjlgulh w ilosci: 1 | uzytkownik: cos
2023-08-23 19:37; pobrano z magazynu 544 w ilosci: 1 | uzytkownik: cos
2023-08-23 19:37; pobrano z magazynu 54544 w ilosci: 1 | uzytkownik: cos
2023-08-23 19:37; wprowadzono na magazyn 543 w ilosci: 1 | uzytkownik: cos
2023-08-23 19:37; wprowadzono na magazyn gjlgulh w ilosci: 1 | uzytkownik: cos
2023-08-23 19:37; wprowadzono na magazyn gjlgulh w ilosci: 1 | uzytkownik: cos
2023-08-23 19:37; pobrano z magazynu 544 w ilosci: 1 | uzytkownik: cos
2023-08-23 19:37; pobrano z magazynu 54544 w ilosci: 1 | uzytkownik: cos
2023-08-23 19:37; wprowadzono na magazyn 543 w ilosci: 1 | uzytkownik: cos
2023-08-23 19:37; wprowadzono na magazyn gjlgulh w ilosci: 1 | uzytkownik: cos
2023-08-23 19:37; wprowadzono na magazyn gjlgulh w ilosci: 1 | uzytkownik: cos
2023-08-23 19:37; pobrano z magazynu 544 w ilosci: 1 | uzytkownik: cos
2023-08-23 19:37; pobrano z magazynu 54544 w ilosci: 1 | uzytkownik: cos
2023-08-23 19:37; wprowadzono na magazyn 543 w ilosci: 1 | uzytkownik: cos
2023-08-23 19:37; wprowadzono na magazyn gjlgulh w ilosci: 1 | uzytkownik: cos
2023-08-23 19:37; wprowadzono na magazyn gjlgulh w ilosci: 1 | uzytkownik: cos
2023-08-23 19:37; pobrano z magazynu 544 w ilosci: 1 | uzytkownik: cos
2023-08-23 19:37; pobrano z magazynu 54544 w ilosci: 1 | uzytkownik: cos
2023-08-23 19:37; wprowadzono na magazyn 543 w ilosci: 1 | uzytkownik: cos
2023-08-23 19:37; wprowadzono na magazyn gjlgulh w ilosci: 1 | uzytkownik: cos
2023-08-23 19:37; wprowadzono na magazyn gjlgulh w ilosci: 1 | uzytkownik: cos
2023-08-23 19:37; pobrano z magazynu 544 w ilosci: 1 | uzytkownik: cos
2023-08-23 19:37; pobrano z magazynu 54544 w ilosci: 1 | uzytkownik: cos
2023-08-23 19:37; wprowadzono na magazyn 543 w ilosci: 1 | uzytkownik: cos
2023-08-23 19:37; wprowadzono na magazyn gjlgulh w ilosci: 1 | uzytkownik: cos
2023-08-23 19:37; wprowadzono na magazyn gjlgulh w ilosci: 1 | uzytkownik: cos
2023-08-23 19:37; pobrano z magazynu 544 w ilosci: 1 | uzytkownik: cos
2023-08-23 19:37; pobrano z magazynu 54544 w ilosci: 1 | uzytkownik: cos
2023-08-23 19:37; wprowadzono na magazyn 543 w ilosci: 1 | uzytkownik: cos
2023-08-23 19:37; wprowadzono na magazyn gjlgulh w ilosci: 1 | uzytkownik: cos
2023-08-23 19:37; wprowadzono na magazyn gjlgulh w ilosci: 1 | uzytkownik: cos
2023-08-23 19:37; pobrano z magazynu 544 w ilosci: 1 | uzytkownik: cos
2023-08-23 19:37; pobrano z magazynu 54544 w ilosci: 1 | uzytkownik: cos
2023-08-23 19:37; wprowadzono na magazyn 543 w ilosci: 1 | uzytkownik: cos
2023-08-23 19:37; wprowadzono na magazyn gjlgulh w ilosci: 1 | uzytkownik: cos
2023-08-23 19:37; wprowadzono na magazyn gjlgulh w ilosci: 1 | uzytkownik: cos
2023-08-23 19:37; pobrano z magazynu 544 w ilosci: 1 | uzytkownik: cos
2023-08-23 19:37; pobrano z magazynu 54544 w ilosci: 1 | uzytkownik: cos
2023-08-23 19:37; wprowadzono na magazyn 543 w ilosci: 1 | uzytkownik: cos
2023-08-23 19:37; wprowadzono na magazyn gjlgulh w ilosci: 1 | uzytkownik: cos
2023-08-23 19:37; wprowadzono na magazyn gjlgulh w ilosci: 1 | uzytkownik: cos
2023-08-23 19:37; pobrano z magazynu 544 w ilosci: 1 | uzytkownik: cos
2023-08-23 19:37; pobrano z magazynu 54544 w ilosci: 1 | uzytkownik: cos
2023-08-23 19:37; wprowadzono na magazyn 543 w ilosci: 1 | uzytkownik: cos
2023-08-23 19:37; wprowadzono na magazyn gjlgulh w ilosci: 1 | uzytkownik: cos
2023-08-23 19:37; wprowadzono na magazyn gjlgulh w ilosci: 1 | uzytkownik: cos
2023-08-23 19:37; pobrano z magazynu 544 w ilosci: 1 | uzytkownik: cos
2023-08-23 19:37; pobrano z magazynu 54544 w ilosci: 1 | uzytkownik: cos
2023-08-23 19:37; wprowadzono na magazyn 543 w ilosci: 1 | uzytkownik: cos
2023-08-23 19:37; wprowadzono na magazyn gjlgulh w ilosci: 1 | uzytkownik: cos
2023-08-23 19:37; wprowadzono na magazyn gjlgulh w ilosci: 1 | uzytkownik: cos
2023-08-23 19:37; pobrano z magazynu 544 w ilosci: 1 | uzytkownik: cos
2023-08-23 19:37; pobrano z magazynu 54544 w ilosci: 1 | uzytkownik: cos
2023-08-23 19:37; wprowadzono na magazyn 543 w ilosci: 1 | uzytkownik: cos
2023-08-23 19:37; wprowadzono na magazyn gjlgulh w ilosci: 1 | uzytkownik: cos
2023-08-23 19:37; wprowadzono na magazyn gjlgulh w ilosci: 1 | uzytkownik: cos
2023-08-23 19:37; pobrano z magazynu 544 w ilosci: 1 | uzytkownik: cos
2023-08-23 19:37; pobrano z magazynu 54544 w ilosci: 1 | uzytkownik: cos
2023-08-23 19:37; wprowadzono na magazyn 543 w ilosci: 1 | uzytkownik: cos
2023-08-23 19:37; wprowadzono na magazyn gjlgulh w ilosci: 1 | uzytkownik: cos
2023-08-23 19:37; wprowadzono na magazyn gjlgulh w ilosci: 1 | uzytkownik: cos
2023-08-23 19:37; pobrano z magazynu 544 w ilosci: 1 | uzytkownik: cos
2023-08-23 19:37; pobrano z magazynu 54544 w ilosci: 1 | uzytkownik: cos
2023-08-23 19:37; wprowadzono na magazyn 543 w ilosci: 1 | uzytkownik: cos
2023-08-23 19:37; wprowadzono na magazyn gjlgulh w ilosci: 1 | uzytkownik: cos
2023-08-23 19:37; wprowadzono na magazyn gjlgulh w ilosci: 1 | uzytkownik: cos
2023-08-23 19:37; pobrano z magazynu 544 w ilosci: 1 | uzytkownik: cos
2023-08-23 19:37; pobrano z magazynu 54544 w ilosci: 1 | uzytkownik: cos
2023-08-23 19:37; wprowadzono na magazyn 543 w ilosci: 1 | uzytkownik: cos
2023-08-23 19:37; wprowadzono na magazyn gjlgulh w ilosci: 1 | uzytkownik: cos
2023-08-23 19:37; wprowadzono na magazyn gjlgulh w ilosci: 1 | uzytkownik: cos
2023-08-23 19:37; pobrano z magazynu 544 w ilosci: 1 | uzytkownik: cos
2023-08-23 19:37; pobrano z magazynu 54544 w ilosci: 1 | uzytkownik: cos
2023-08-23 19:37; wprowadzono na magazyn 543 w ilosci: 1 | uzytkownik: cos
2023-08-23 19:37; wprowadzono na magazyn gjlgulh w ilosci: 1 | uzytkownik: cos
2023-08-23 19:37; wprowadzono na magazyn gjlgulh w ilosci: 1 | uzytkownik: cos
2023-08-23 19:37; pobrano z magazynu 544 w ilosci: 1 | uzytkownik: cos
2023-08-23 19:37; pobrano z magazynu 54544 w ilosci: 1 | uzytkownik: cos
2023-08-23 19:37; wprowadzono na magazyn 543 w ilosci: 1 | uzytkownik: cos
2023-08-23 19:37; wprowadzono na magazyn gjlgulh w ilosci: 1 | uzytkownik: cos
2023-08-23 19:37; wprowadzono na magazyn gjlgulh w ilosci: 1 | uzytkownik: cos
2023-08-23 19:37; pobrano z magazynu 544 w ilosci: 1 | uzytkownik: cos
2023-08-23 19:37; pobrano z magazynu 54544 w ilosci: 1 | uzytkownik: cos
2023-08-23 19:37; wprowadzono na magazyn 543 w ilosci: 1 | uzytkownik: cos
2023-08-23 19:37; wprowadzono na magazyn gjlgulh w ilosci: 1 | uzytkownik: cos
2023-08-23 19:37; wprowadzono na magazyn gjlgulh w ilosci: 1 | uzytkownik: cos
2023-08-23 19:37; pobrano z magazynu 544 w ilosci: 1 | uzytkownik: cos
2023-08-23 19:37; pobrano z magazynu 54544 w ilosci: 1 | uzytkownik: cos
2023-08-23 19:37; wprowadzono na magazyn 543 w ilosci: 1 | uzytkownik: cos
2023-08-23 19:37; wprowadzono na magazyn gjlgulh w ilosci: 1 | uzytkownik: cos
2023-08-23 19:37; wprowadzono na magazyn gjlgulh w ilosci: 1 | uzytkownik: cos
2023-08-23 19:37; pobrano z magazynu 544 w ilosci: 1 | uzytkownik: cos
2023-08-23 19:37; pobrano z magazynu 54544 w ilosci: 1 | uzytkownik: cos
2023-08-23 19:37; wprowadzono na magazyn 543 w ilosci: 1 | uzytkownik: cos
2023-08-23 19:37; wprowadzono na magazyn gjlgulh w ilosci: 1 | uzytkownik: cos
2023-08-23 19:37; wprowadzono na magazyn gjlgulh w ilosci: 1 | uzytkownik: cos
2023-08-23 19:37; pobrano z magazynu 544 w ilosci: 1 | uzytkownik: cos
2023-08-23 19:37; pobrano z magazynu 54544 w ilosci: 1 | uzytkownik: cos
2023-08-23 19:37; wprowadzono na magazyn 543 w ilosci: 1 | uzytkownik: cos
2023-08-23 19:37; wprowadzono na magazyn gjlgulh w ilosci: 1 | uzytkownik: cos
2023-08-23 19:37; wprowadzono na magazyn gjlgulh w ilosci: 1 | uzytkownik: cos
2023-08-23 19:37; pobrano z magazynu 544 w ilosci: 1 | uzytkownik: cos
2023-08-23 19:37; pobrano z magazynu 54544 w ilosci: 1 | uzytkownik: cos
2023-08-23 19:37; wprowadzono na magazyn 543 w ilosci: 1 | uzytkownik: cos
2023-08-23 19:37; wprowadzono na magazyn gjlgulh w ilosci: 1 | uzytkownik: cos
2023-08-23 19:37; wprowadzono na magazyn gjlgulh w ilosci: 1 | uzytkownik: cos
2023-08-23 19:37; pobrano z magazynu 544 w ilosci: 1 | uzytkownik: cos
2023-08-23 19:37; pobrano z magazynu 54544 w ilosci: 1 | uzytkownik: cos
2023-08-23 19:37; wprowadzono na magazyn 543 w ilosci: 1 | uzytkownik: cos
2023-08-23 19:37; wprowadzono na magazyn gjlgulh w ilosci: 1 | uzytkownik: cos
2023-08-23 19:37; wprowadzono na magazyn gjlgulh w ilosci: 1 | uzytkownik: cos
2023-08-23 19:37; pobrano z magazynu 544 w ilosci: 1 | uzytkownik: cos
2023-08-23 19:37; pobrano z magazynu 54544 w ilosci: 1 | uzytkownik: cos
2023-08-23 19:37; wprowadzono na magazyn 543 w ilosci: 1 | uzytkownik: cos
2023-08-23 19:37; wprowadzono na magazyn gjlgulh w ilosci: 1 | uzytkownik: cos
2023-08-23 19:37; wprowadzono na magazyn gjlgulh w ilosci: 1 | uzytkownik: cos
2023-08-23 19:37; pobrano z magazynu 544 w ilosci: 1 | uzytkownik: cos
2023-08-23 19:37; pobrano z magazynu 54544 w ilosci: 1 | uzytkownik: cos
2023-08-23 19:37; wprowadzono na magazyn 543 w ilosci: 1 | uzytkownik: cos
2023-08-23 19:37; wprowadzono na magazyn gjlgulh w ilosci: 1 | uzytkownik: cos
2023-08-23 19:37; wprowadzono na magazyn gjlgulh w ilosci: 1 | uzytkownik: cos
2023-08-23 19:37; pobrano z magazynu 544 w ilosci: 1 | uzytkownik: cos
2023-08-23 19:37; pobrano z magazynu 54544 w ilosci: 1 | uzytkownik: cos
2023-08-23 19:37; wprowadzono na magazyn 543 w ilosci: 1 | uzytkownik: cos
2023-08-23 19:37; wprowadzono na magazyn gjlgulh w ilosci: 1 | uzytkownik: cos
2023-08-23 19:37; wprowadzono na magazyn gjlgulh w ilosci: 1 | uzytkownik: cos
2023-08-23 19:37; pobrano z magazynu 544 w ilosci: 1 | uzytkownik: cos
2023-08-23 19:37; pobrano z magazynu 54544 w ilosci: 1 | uzytkownik: cos
2023-08-23 19:37; wprowadzono na magazyn 543 w ilosci: 1 | uzytkownik: cos
2023-08-23 19:37; wprowadzono na magazyn gjlgulh w ilosci: 1 | uzytkownik: cos
2023-08-23 19:37; wprowadzono na magazyn gjlgulh w ilosci: 1 | uzytkownik: cos
2023-08-23 19:37; pobrano z magazynu 544 w ilosci: 1 | uzytkownik: cos
2023-08-23 19:37; pobrano z magazynu 54544 w ilosci: 1 | uzytkownik: cos
